/lib64/.libcryptsetup.so.1.1.0.hmac
/lib64/.libcryptsetup.so.1.hmac
/lib64/.libgcrypt.so.11.hmac
/lib64/.libfipscheck.so.1.hmac
/lib64/.libfipscheck.so.1.1.0.hmac
/boot/.vmlinuz-2.6.32-754.35.1.el6.x86_64.hmac
/boot/.vmlinuz-2.6.32-754.el6.x86_64.hmac
/.autofsck
/usr/lib64/.libssl.so.1.0.1e.hmac
/usr/lib64/.libcrypto.so.1.0.1e.hmac
/usr/lib64/.libcrypto.so.10.hmac
/usr/lib64/.libssl.so.10.hmac
/usr/bin/.fipscheck.hmac
/usr/bin/.ssh.hmac
/usr/sbin/.sshd.hmac
/usr/share/man/man5/.k5login.5.gz
/usr/share/man/man5/.k5identity.5.gz
/usr/share/man/man1/..1.gz
/usr/local/src/snmp/share/snmp/mibs/.index
/usr/local/src/net-snmp-5.1.4.2/apps/.libs
/usr/local/src/net-snmp-5.1.4.2/apps/snmpnetstat/.libs
/usr/local/src/net-snmp-5.1.4.2/snmplib/.libs
/usr/local/src/net-snmp-5.1.4.2/agent/.libs
/usr/local/src/net-snmp-5.1.4.2/agent/helpers/.libs
/usr/local/src/net-snmp-5.1.4.2/agent/mibgroup/agentx/.libs
/usr/local/src/net-snmp-5.1.4.2/agent/mibgroup/notification/.libs
/usr/local/src/net-snmp-5.1.4.2/agent/mibgroup/.libs
/usr/local/src/net-snmp-5.1.4.2/agent/mibgroup/mibII/.libs
/usr/local/src/net-snmp-5.1.4.2/agent/mibgroup/target/.libs
/usr/local/src/net-snmp-5.1.4.2/agent/mibgroup/ucd-snmp/.libs
/usr/local/src/net-snmp-5.1.4.2/agent/mibgroup/utilities/.libs
/usr/local/src/net-snmp-5.1.4.2/agent/mibgroup/snmpv3/.libs
/usr/local/src/net-snmp-5.1.4.2/agent/mibgroup/agent/.libs
/usr/local/snmp/share/snmp/mibs/.index
/var/lib/rpm/.rpm.lock
/var/cache/yum/x86_64/6/.gpgkeyschecked.yum
/root/.ssh
/root/.cshrc
/root/.tcshrc
/root/Security_Checker/.git
/root/.pki
/etc/.pwd.lock
/etc/lvm/cache/.cache
/tmp/.ICE-unix
/dev/.mdadm
/dev/.udev
/sys/module/dm_mod/sections/.note.gnu.build-id
/sys/module/dm_mod/sections/.text
/sys/module/dm_mod/sections/.init.text
/sys/module/dm_mod/sections/.exit.text
/sys/module/dm_mod/sections/.altinstr_replacement
/sys/module/dm_mod/sections/.rodata
/sys/module/dm_mod/sections/.rodata.str1.1
/sys/module/dm_mod/sections/.rodata.str1.8
/sys/module/dm_mod/sections/.smp_locks
/sys/module/dm_mod/sections/.altinstructions
/sys/module/dm_mod/sections/.parainstructions
/sys/module/dm_mod/sections/.rheldata
/sys/module/dm_mod/sections/.data
/sys/module/dm_mod/sections/.init.data
/sys/module/dm_mod/sections/.gnu.linkonce.this_module
/sys/module/dm_mod/sections/.bss
/sys/module/dm_mod/sections/.symtab
/sys/module/dm_mod/sections/.strtab
/sys/module/dm_mod/notes/.note.gnu.build-id
/sys/module/dm_log/sections/.note.gnu.build-id
/sys/module/dm_log/sections/.text
/sys/module/dm_log/sections/.altinstr_replacement
/sys/module/dm_log/sections/.exit.text
/sys/module/dm_log/sections/.init.text
/sys/module/dm_log/sections/.rodata.str1.1
/sys/module/dm_log/sections/.rodata.str1.8
/sys/module/dm_log/sections/.altinstructions
/sys/module/dm_log/sections/.rheldata
/sys/module/dm_log/sections/.data
/sys/module/dm_log/sections/.gnu.linkonce.this_module
/sys/module/dm_log/sections/.bss
/sys/module/dm_log/sections/.symtab
/sys/module/dm_log/sections/.strtab
/sys/module/dm_log/notes/.note.gnu.build-id
/sys/module/dm_region_hash/sections/.note.gnu.build-id
/sys/module/dm_region_hash/sections/.text
/sys/module/dm_region_hash/sections/.altinstr_replacement
/sys/module/dm_region_hash/sections/.smp_locks
/sys/module/dm_region_hash/sections/.parainstructions
/sys/module/dm_region_hash/sections/.altinstructions
/sys/module/dm_region_hash/sections/.rodata.str1.1
/sys/module/dm_region_hash/sections/.rodata.str1.8
/sys/module/dm_region_hash/sections/.rheldata
/sys/module/dm_region_hash/sections/.gnu.linkonce.this_module
/sys/module/dm_region_hash/sections/.symtab
/sys/module/dm_region_hash/sections/.strtab
/sys/module/dm_region_hash/notes/.note.gnu.build-id
/sys/module/dm_mirror/sections/.note.gnu.build-id
/sys/module/dm_mirror/sections/.text
/sys/module/dm_mirror/sections/.exit.text
/sys/module/dm_mirror/sections/.altinstr_replacement
/sys/module/dm_mirror/sections/.init.text
/sys/module/dm_mirror/sections/.rodata
/sys/module/dm_mirror/sections/.rodata.str1.1
/sys/module/dm_mirror/sections/.rodata.str1.8
/sys/module/dm_mirror/sections/.altinstructions
/sys/module/dm_mirror/sections/.parainstructions
/sys/module/dm_mirror/sections/.smp_locks
/sys/module/dm_mirror/sections/.rheldata
/sys/module/dm_mirror/sections/.data
/sys/module/dm_mirror/sections/.gnu.linkonce.this_module
/sys/module/dm_mirror/sections/.bss
/sys/module/dm_mirror/sections/.symtab
/sys/module/dm_mirror/sections/.strtab
/sys/module/dm_mirror/notes/.note.gnu.build-id
/sys/module/i2c_core/sections/.note.gnu.build-id
/sys/module/i2c_core/sections/.text
/sys/module/i2c_core/sections/.exit.text
/sys/module/i2c_core/sections/.init.text
/sys/module/i2c_core/sections/.rodata
/sys/module/i2c_core/sections/.rodata.str1.1
/sys/module/i2c_core/sections/.rodata.str1.8
/sys/module/i2c_core/sections/.parainstructions
/sys/module/i2c_core/sections/.rheldata
/sys/module/i2c_core/sections/.data
/sys/module/i2c_core/sections/.gnu.linkonce.this_module
/sys/module/i2c_core/sections/.bss
/sys/module/i2c_core/sections/.symtab
/sys/module/i2c_core/sections/.strtab
/sys/module/i2c_core/notes/.note.gnu.build-id
/sys/module/drm/sections/.note.gnu.build-id
/sys/module/drm/sections/.text
/sys/module/drm/sections/.altinstr_replacement
/sys/module/drm/sections/.exit.text
/sys/module/drm/sections/.init.text
/sys/module/drm/sections/.fixup
/sys/module/drm/sections/.rodata
/sys/module/drm/sections/.rodata.str1.1
/sys/module/drm/sections/.altinstructions
/sys/module/drm/sections/.rodata.str1.8
/sys/module/drm/sections/.smp_locks
/sys/module/drm/sections/.parainstructions
/sys/module/drm/sections/.rheldata
/sys/module/drm/sections/.data
/sys/module/drm/sections/.data.read_mostly
/sys/module/drm/sections/.gnu.linkonce.this_module
/sys/module/drm/sections/.bss
/sys/module/drm/sections/.symtab
/sys/module/drm/sections/.strtab
/sys/module/drm/notes/.note.gnu.build-id
/sys/module/drm_kms_helper/sections/.note.gnu.build-id
/sys/module/drm_kms_helper/sections/.text
/sys/module/drm_kms_helper/sections/.rodata
/sys/module/drm_kms_helper/sections/.rodata.str1.1
/sys/module/drm_kms_helper/sections/.rodata.str1.8
/sys/module/drm_kms_helper/sections/.smp_locks
/sys/module/drm_kms_helper/sections/.rheldata
/sys/module/drm_kms_helper/sections/.data
/sys/module/drm_kms_helper/sections/.data.read_mostly
/sys/module/drm_kms_helper/sections/.gnu.linkonce.this_module
/sys/module/drm_kms_helper/sections/.bss
/sys/module/drm_kms_helper/sections/.symtab
/sys/module/drm_kms_helper/sections/.strtab
/sys/module/drm_kms_helper/notes/.note.gnu.build-id
/sys/module/ttm/sections/.note.gnu.build-id
/sys/module/ttm/sections/.text
/sys/module/ttm/sections/.altinstr_replacement
/sys/module/ttm/sections/.exit.text
/sys/module/ttm/sections/.init.text
/sys/module/ttm/sections/.rodata
/sys/module/ttm/sections/.rodata.str1.8
/sys/module/ttm/sections/.altinstructions
/sys/module/ttm/sections/.rodata.str1.1
/sys/module/ttm/sections/.smp_locks
/sys/module/ttm/sections/.parainstructions
/sys/module/ttm/sections/.rheldata
/sys/module/ttm/sections/.data
/sys/module/ttm/sections/.gnu.linkonce.this_module
/sys/module/ttm/sections/.bss
/sys/module/ttm/sections/.symtab
/sys/module/ttm/sections/.strtab
/sys/module/ttm/notes/.note.gnu.build-id
/sys/module/vmwgfx/sections/.note.gnu.build-id
/sys/module/vmwgfx/sections/.text
/sys/module/vmwgfx/sections/.altinstr_replacement
/sys/module/vmwgfx/sections/.exit.text
/sys/module/vmwgfx/sections/.init.text
/sys/module/vmwgfx/sections/.rodata
/sys/module/vmwgfx/sections/.rodata.str1.1
/sys/module/vmwgfx/sections/.rodata.str1.8
/sys/module/vmwgfx/sections/.altinstructions
/sys/module/vmwgfx/sections/.smp_locks
/sys/module/vmwgfx/sections/.parainstructions
/sys/module/vmwgfx/sections/.rheldata
/sys/module/vmwgfx/sections/.data
/sys/module/vmwgfx/sections/.gnu.linkonce.this_module
/sys/module/vmwgfx/sections/.bss
/sys/module/vmwgfx/sections/.symtab
/sys/module/vmwgfx/sections/.strtab
/sys/module/vmwgfx/notes/.note.gnu.build-id
/sys/module/scsi_transport_spi/sections/.note.gnu.build-id
/sys/module/scsi_transport_spi/sections/.text
/sys/module/scsi_transport_spi/sections/.exit.text
/sys/module/scsi_transport_spi/sections/.init.text
/sys/module/scsi_transport_spi/sections/.rodata
/sys/module/scsi_transport_spi/sections/.rodata.str1.8
/sys/module/scsi_transport_spi/sections/.rodata.str1.1
/sys/module/scsi_transport_spi/sections/.rheldata
/sys/module/scsi_transport_spi/sections/.data
/sys/module/scsi_transport_spi/sections/.init.data
/sys/module/scsi_transport_spi/sections/.gnu.linkonce.this_module
/sys/module/scsi_transport_spi/sections/.symtab
/sys/module/scsi_transport_spi/sections/.strtab
/sys/module/scsi_transport_spi/notes/.note.gnu.build-id
/sys/module/mptbase/sections/.note.gnu.build-id
/sys/module/mptbase/sections/.text
/sys/module/mptbase/sections/.exit.text
/sys/module/mptbase/sections/.init.text
/sys/module/mptbase/sections/.rodata
/sys/module/mptbase/sections/.rodata.str1.1
/sys/module/mptbase/sections/.rodata.str1.8
/sys/module/mptbase/sections/.parainstructions
/sys/module/mptbase/sections/.smp_locks
/sys/module/mptbase/sections/.rheldata
/sys/module/mptbase/sections/.data
/sys/module/mptbase/sections/.gnu.linkonce.this_module
/sys/module/mptbase/sections/.bss
/sys/module/mptbase/sections/.symtab
/sys/module/mptbase/sections/.strtab
/sys/module/mptbase/notes/.note.gnu.build-id
/sys/module/mptscsih/sections/.note.gnu.build-id
/sys/module/mptscsih/sections/.text
/sys/module/mptscsih/sections/.rodata
/sys/module/mptscsih/sections/.rodata.str1.1
/sys/module/mptscsih/sections/.rodata.str1.8
/sys/module/mptscsih/sections/.rheldata
/sys/module/mptscsih/sections/.data
/sys/module/mptscsih/sections/.gnu.linkonce.this_module
/sys/module/mptscsih/sections/.symtab
/sys/module/mptscsih/sections/.strtab
/sys/module/mptscsih/notes/.note.gnu.build-id
/sys/module/mptspi/sections/.note.gnu.build-id
/sys/module/mptspi/sections/.text
/sys/module/mptspi/sections/.exit.text
/sys/module/mptspi/sections/.init.text
/sys/module/mptspi/sections/.rodata
/sys/module/mptspi/sections/.rodata.str1.8
/sys/module/mptspi/sections/.rodata.str1.1
/sys/module/mptspi/sections/.parainstructions
/sys/module/mptspi/sections/.rheldata
/sys/module/mptspi/sections/.data
/sys/module/mptspi/sections/.gnu.linkonce.this_module
/sys/module/mptspi/sections/.bss
/sys/module/mptspi/sections/.symtab
/sys/module/mptspi/sections/.strtab
/sys/module/mptspi/notes/.note.gnu.build-id
/sys/module/ata_piix/sections/.note.gnu.build-id
/sys/module/ata_piix/sections/.text
/sys/module/ata_piix/sections/.exit.text
/sys/module/ata_piix/sections/.devinit.text
/sys/module/ata_piix/sections/.init.text
/sys/module/ata_piix/sections/.rodata
/sys/module/ata_piix/sections/.rodata.str1.8
/sys/module/ata_piix/sections/.rodata.str1.1
/sys/module/ata_piix/sections/.rheldata
/sys/module/ata_piix/sections/.data
/sys/module/ata_piix/sections/.gnu.linkonce.this_module
/sys/module/ata_piix/sections/.bss
/sys/module/ata_piix/sections/.symtab
/sys/module/ata_piix/sections/.strtab
/sys/module/ata_piix/notes/.note.gnu.build-id
/sys/module/ata_generic/sections/.note.gnu.build-id
/sys/module/ata_generic/sections/.text
/sys/module/ata_generic/sections/.exit.text
/sys/module/ata_generic/sections/.init.text
/sys/module/ata_generic/sections/.rodata
/sys/module/ata_generic/sections/.rodata.str1.1
/sys/module/ata_generic/sections/.rodata.str1.8
/sys/module/ata_generic/sections/.rheldata
/sys/module/ata_generic/sections/.data
/sys/module/ata_generic/sections/.gnu.linkonce.this_module
/sys/module/ata_generic/sections/.bss
/sys/module/ata_generic/sections/.symtab
/sys/module/ata_generic/sections/.strtab
/sys/module/ata_generic/notes/.note.gnu.build-id
/sys/module/pata_acpi/sections/.note.gnu.build-id
/sys/module/pata_acpi/sections/.text
/sys/module/pata_acpi/sections/.exit.text
/sys/module/pata_acpi/sections/.init.text
/sys/module/pata_acpi/sections/.rodata
/sys/module/pata_acpi/sections/.rodata.str1.1
/sys/module/pata_acpi/sections/.rheldata
/sys/module/pata_acpi/sections/.data
/sys/module/pata_acpi/sections/.gnu.linkonce.this_module
/sys/module/pata_acpi/sections/.symtab
/sys/module/pata_acpi/sections/.strtab
/sys/module/pata_acpi/notes/.note.gnu.build-id
/sys/module/crc_t10dif/sections/.note.gnu.build-id
/sys/module/crc_t10dif/sections/.text
/sys/module/crc_t10dif/sections/.exit.text
/sys/module/crc_t10dif/sections/.init.text
/sys/module/crc_t10dif/sections/.rodata.str1.1
/sys/module/crc_t10dif/sections/.rheldata
/sys/module/crc_t10dif/sections/.gnu.linkonce.this_module
/sys/module/crc_t10dif/sections/.bss
/sys/module/crc_t10dif/sections/.symtab
/sys/module/crc_t10dif/sections/.strtab
/sys/module/crc_t10dif/notes/.note.gnu.build-id
/sys/module/sd_mod/sections/.note.gnu.build-id
/sys/module/sd_mod/sections/.text
/sys/module/sd_mod/sections/.exit.text
/sys/module/sd_mod/sections/.altinstr_replacement
/sys/module/sd_mod/sections/.init.text
/sys/module/sd_mod/sections/.rodata
/sys/module/sd_mod/sections/.rodata.str1.1
/sys/module/sd_mod/sections/.rodata.str1.8
/sys/module/sd_mod/sections/.altinstructions
/sys/module/sd_mod/sections/.rheldata
/sys/module/sd_mod/sections/.data
/sys/module/sd_mod/sections/.gnu.linkonce.this_module
/sys/module/sd_mod/sections/.bss
/sys/module/sd_mod/sections/.symtab
/sys/module/sd_mod/sections/.strtab
/sys/module/sd_mod/notes/.note.gnu.build-id
/sys/module/cdrom/sections/.note.gnu.build-id
/sys/module/cdrom/sections/.text
/sys/module/cdrom/sections/.exit.text
/sys/module/cdrom/sections/.init.text
/sys/module/cdrom/sections/.rodata
/sys/module/cdrom/sections/.rodata.str1.8
/sys/module/cdrom/sections/.rodata.str1.1
/sys/module/cdrom/sections/.rheldata
/sys/module/cdrom/sections/.data
/sys/module/cdrom/sections/.gnu.linkonce.this_module
/sys/module/cdrom/sections/.bss
/sys/module/cdrom/sections/.symtab
/sys/module/cdrom/sections/.strtab
/sys/module/cdrom/notes/.note.gnu.build-id
/sys/module/sr_mod/sections/.note.gnu.build-id
/sys/module/sr_mod/sections/.text
/sys/module/sr_mod/sections/.exit.text
/sys/module/sr_mod/sections/.altinstr_replacement
/sys/module/sr_mod/sections/.init.text
/sys/module/sr_mod/sections/.rodata
/sys/module/sr_mod/sections/.rodata.str1.1
/sys/module/sr_mod/sections/.smp_locks
/sys/module/sr_mod/sections/.altinstructions
/sys/module/sr_mod/sections/.rodata.str1.8
/sys/module/sr_mod/sections/.rheldata
/sys/module/sr_mod/sections/.data
/sys/module/sr_mod/sections/.gnu.linkonce.this_module
/sys/module/sr_mod/sections/.bss
/sys/module/sr_mod/sections/.symtab
/sys/module/sr_mod/sections/.strtab
/sys/module/sr_mod/notes/.note.gnu.build-id
/sys/module/mbcache/sections/.note.gnu.build-id
/sys/module/mbcache/sections/.text
/sys/module/mbcache/sections/.exit.text
/sys/module/mbcache/sections/.altinstr_replacement
/sys/module/mbcache/sections/.init.text
/sys/module/mbcache/sections/.altinstructions
/sys/module/mbcache/sections/.smp_locks
/sys/module/mbcache/sections/.rodata.str1.8
/sys/module/mbcache/sections/.rodata.str1.1
/sys/module/mbcache/sections/.rheldata
/sys/module/mbcache/sections/.data
/sys/module/mbcache/sections/.gnu.linkonce.this_module
/sys/module/mbcache/sections/.bss
/sys/module/mbcache/sections/.symtab
/sys/module/mbcache/sections/.strtab
/sys/module/mbcache/notes/.note.gnu.build-id
/sys/module/jbd2/sections/.note.gnu.build-id
/sys/module/jbd2/sections/.text
/sys/module/jbd2/sections/.altinstr_replacement
/sys/module/jbd2/sections/.init.text
/sys/module/jbd2/sections/.exit.text
/sys/module/jbd2/sections/.rodata
/sys/module/jbd2/sections/.altinstructions
/sys/module/jbd2/sections/.rodata.str1.1
/sys/module/jbd2/sections/.smp_locks
/sys/module/jbd2/sections/.rodata.str1.8
/sys/module/jbd2/sections/.parainstructions
/sys/module/jbd2/sections/.rheldata
/sys/module/jbd2/sections/.data
/sys/module/jbd2/sections/.gnu.linkonce.this_module
/sys/module/jbd2/sections/.bss
/sys/module/jbd2/sections/.symtab
/sys/module/jbd2/sections/.strtab
/sys/module/jbd2/notes/.note.gnu.build-id
/sys/module/ext4/sections/.note.gnu.build-id
/sys/module/ext4/sections/.text
/sys/module/ext4/sections/.altinstr_replacement
/sys/module/ext4/sections/.exit.text
/sys/module/ext4/sections/.init.text
/sys/module/ext4/sections/.rodata
/sys/module/ext4/sections/.altinstructions
/sys/module/ext4/sections/.rodata.str1.8
/sys/module/ext4/sections/.rodata.str1.1
/sys/module/ext4/sections/.smp_locks
/sys/module/ext4/sections/.parainstructions
/sys/module/ext4/sections/.rheldata
/sys/module/ext4/sections/.data
/sys/module/ext4/sections/.gnu.linkonce.this_module
/sys/module/ext4/sections/.bss
/sys/module/ext4/sections/.symtab
/sys/module/ext4/sections/.strtab
/sys/module/ext4/notes/.note.gnu.build-id
/sys/module/shpchp/sections/.note.gnu.build-id
/sys/module/shpchp/sections/.text
/sys/module/shpchp/sections/.exit.text
/sys/module/shpchp/sections/.init.text
/sys/module/shpchp/sections/.ref.text
/sys/module/shpchp/sections/.rodata
/sys/module/shpchp/sections/.rodata.str1.1
/sys/module/shpchp/sections/.rodata.str1.8
/sys/module/shpchp/sections/.smp_locks
/sys/module/shpchp/sections/.rheldata
/sys/module/shpchp/sections/.data
/sys/module/shpchp/sections/.gnu.linkonce.this_module
/sys/module/shpchp/sections/.bss
/sys/module/shpchp/sections/.symtab
/sys/module/shpchp/sections/.strtab
/sys/module/shpchp/notes/.note.gnu.build-id
/sys/module/sg/sections/.note.gnu.build-id
/sys/module/sg/sections/.text
/sys/module/sg/sections/.exit.text
/sys/module/sg/sections/.init.text
/sys/module/sg/sections/.fixup
/sys/module/sg/sections/.rodata
/sys/module/sg/sections/.rodata.str1.8
/sys/module/sg/sections/.rodata.str1.1
/sys/module/sg/sections/.smp_locks
/sys/module/sg/sections/.parainstructions
/sys/module/sg/sections/.rheldata
/sys/module/sg/sections/.data
/sys/module/sg/sections/.gnu.linkonce.this_module
/sys/module/sg/sections/.bss
/sys/module/sg/sections/.symtab
/sys/module/sg/sections/.strtab
/sys/module/sg/notes/.note.gnu.build-id
/sys/module/i2c_piix4/sections/.note.gnu.build-id
/sys/module/i2c_piix4/sections/.text
/sys/module/i2c_piix4/sections/.exit.text
/sys/module/i2c_piix4/sections/.devexit.text
/sys/module/i2c_piix4/sections/.devinit.text
/sys/module/i2c_piix4/sections/.init.text
/sys/module/i2c_piix4/sections/.rodata
/sys/module/i2c_piix4/sections/.rodata.str1.1
/sys/module/i2c_piix4/sections/.rodata.str1.8
/sys/module/i2c_piix4/sections/.rheldata
/sys/module/i2c_piix4/sections/.data
/sys/module/i2c_piix4/sections/.devinit.data
/sys/module/i2c_piix4/sections/.gnu.linkonce.this_module
/sys/module/i2c_piix4/sections/.bss
/sys/module/i2c_piix4/sections/.symtab
/sys/module/i2c_piix4/sections/.strtab
/sys/module/i2c_piix4/notes/.note.gnu.build-id
/sys/module/vmware_balloon/sections/.note.gnu.build-id
/sys/module/vmware_balloon/sections/.text
/sys/module/vmware_balloon/sections/.exit.text
/sys/module/vmware_balloon/sections/.init.text
/sys/module/vmware_balloon/sections/.rodata
/sys/module/vmware_balloon/sections/.rodata.str1.8
/sys/module/vmware_balloon/sections/.rodata.str1.1
/sys/module/vmware_balloon/sections/.rheldata
/sys/module/vmware_balloon/sections/.gnu.linkonce.this_module
/sys/module/vmware_balloon/sections/.bss
/sys/module/vmware_balloon/sections/.symtab
/sys/module/vmware_balloon/sections/.strtab
/sys/module/vmware_balloon/notes/.note.gnu.build-id
/sys/module/mii/sections/.note.gnu.build-id
/sys/module/mii/sections/.text
/sys/module/mii/sections/.rodata.str1.1
/sys/module/mii/sections/.rodata.str1.8
/sys/module/mii/sections/.rheldata
/sys/module/mii/sections/.gnu.linkonce.this_module
/sys/module/mii/sections/.symtab
/sys/module/mii/sections/.strtab
/sys/module/mii/notes/.note.gnu.build-id
/sys/module/pcnet32/sections/.note.gnu.build-id
/sys/module/pcnet32/sections/.text
/sys/module/pcnet32/sections/.altinstr_replacement
/sys/module/pcnet32/sections/.exit.text
/sys/module/pcnet32/sections/.devexit.text
/sys/module/pcnet32/sections/.devinit.text
/sys/module/pcnet32/sections/.init.text
/sys/module/pcnet32/sections/.rodata
/sys/module/pcnet32/sections/.rodata.str1.1
/sys/module/pcnet32/sections/.rodata.str1.8
/sys/module/pcnet32/sections/.smp_locks
/sys/module/pcnet32/sections/.altinstructions
/sys/module/pcnet32/sections/.parainstructions
/sys/module/pcnet32/sections/.rheldata
/sys/module/pcnet32/sections/.data
/sys/module/pcnet32/sections/.init.data
/sys/module/pcnet32/sections/.gnu.linkonce.this_module
/sys/module/pcnet32/sections/.bss
/sys/module/pcnet32/sections/.symtab
/sys/module/pcnet32/sections/.strtab
/sys/module/pcnet32/notes/.note.gnu.build-id
/sys/module/snd_page_alloc/sections/.note.gnu.build-id
/sys/module/snd_page_alloc/sections/.text
/sys/module/snd_page_alloc/sections/.init.text
/sys/module/snd_page_alloc/sections/.exit.text
/sys/module/snd_page_alloc/sections/.rodata
/sys/module/snd_page_alloc/sections/.rodata.str1.8
/sys/module/snd_page_alloc/sections/.rodata.str1.1
/sys/module/snd_page_alloc/sections/.parainstructions
/sys/module/snd_page_alloc/sections/.rheldata
/sys/module/snd_page_alloc/sections/.data
/sys/module/snd_page_alloc/sections/.gnu.linkonce.this_module
/sys/module/snd_page_alloc/sections/.bss
/sys/module/snd_page_alloc/sections/.symtab
/sys/module/snd_page_alloc/sections/.strtab
/sys/module/snd_page_alloc/notes/.note.gnu.build-id
/sys/module/soundcore/sections/.note.gnu.build-id
/sys/module/soundcore/sections/.text
/sys/module/soundcore/sections/.exit.text
/sys/module/soundcore/sections/.init.text
/sys/module/soundcore/sections/.altinstr_replacement
/sys/module/soundcore/sections/.rodata
/sys/module/soundcore/sections/.rodata.str1.1
/sys/module/soundcore/sections/.rodata.str1.8
/sys/module/soundcore/sections/.altinstructions
/sys/module/soundcore/sections/.rheldata
/sys/module/soundcore/sections/.data
/sys/module/soundcore/sections/.gnu.linkonce.this_module
/sys/module/soundcore/sections/.bss
/sys/module/soundcore/sections/.symtab
/sys/module/soundcore/sections/.strtab
/sys/module/soundcore/notes/.note.gnu.build-id
/sys/module/snd/sections/.note.gnu.build-id
/sys/module/snd/sections/.text
/sys/module/snd/sections/.exit.text
/sys/module/snd/sections/.init.text
/sys/module/snd/sections/.altinstr_replacement
/sys/module/snd/sections/.rodata
/sys/module/snd/sections/.rodata.str1.1
/sys/module/snd/sections/.rodata.str1.8
/sys/module/snd/sections/.altinstructions
/sys/module/snd/sections/.smp_locks
/sys/module/snd/sections/.parainstructions
/sys/module/snd/sections/.rheldata
/sys/module/snd/sections/.data
/sys/module/snd/sections/.gnu.linkonce.this_module
/sys/module/snd/sections/.bss
/sys/module/snd/sections/.symtab
/sys/module/snd/sections/.strtab
/sys/module/snd/notes/.note.gnu.build-id
/sys/module/snd_timer/sections/.note.gnu.build-id
/sys/module/snd_timer/sections/.text
/sys/module/snd_timer/sections/.exit.text
/sys/module/snd_timer/sections/.altinstr_replacement
/sys/module/snd_timer/sections/.init.text
/sys/module/snd_timer/sections/.rodata
/sys/module/snd_timer/sections/.rodata.str1.1
/sys/module/snd_timer/sections/.altinstructions
/sys/module/snd_timer/sections/.parainstructions
/sys/module/snd_timer/sections/.rodata.str1.8
/sys/module/snd_timer/sections/.smp_locks
/sys/module/snd_timer/sections/.rheldata
/sys/module/snd_timer/sections/.data
/sys/module/snd_timer/sections/.gnu.linkonce.this_module
/sys/module/snd_timer/sections/.bss
/sys/module/snd_timer/sections/.symtab
/sys/module/snd_timer/sections/.strtab
/sys/module/snd_timer/notes/.note.gnu.build-id
/sys/module/snd_pcm/sections/.note.gnu.build-id
/sys/module/snd_pcm/sections/.text
/sys/module/snd_pcm/sections/.exit.text
/sys/module/snd_pcm/sections/.init.text
/sys/module/snd_pcm/sections/.altinstr_replacement
/sys/module/snd_pcm/sections/.fixup
/sys/module/snd_pcm/sections/.rodata
/sys/module/snd_pcm/sections/.rodata.str1.1
/sys/module/snd_pcm/sections/.smp_locks
/sys/module/snd_pcm/sections/.altinstructions
/sys/module/snd_pcm/sections/.parainstructions
/sys/module/snd_pcm/sections/.rodata.str1.8
/sys/module/snd_pcm/sections/.rheldata
/sys/module/snd_pcm/sections/.data
/sys/module/snd_pcm/sections/.gnu.linkonce.this_module
/sys/module/snd_pcm/sections/.bss
/sys/module/snd_pcm/sections/.symtab
/sys/module/snd_pcm/sections/.strtab
/sys/module/snd_pcm/notes/.note.gnu.build-id
/sys/module/snd_seq_device/sections/.note.gnu.build-id
/sys/module/snd_seq_device/sections/.text
/sys/module/snd_seq_device/sections/.exit.text
/sys/module/snd_seq_device/sections/.init.text
/sys/module/snd_seq_device/sections/.smp_locks
/sys/module/snd_seq_device/sections/.rodata.str1.8
/sys/module/snd_seq_device/sections/.rodata.str1.1
/sys/module/snd_seq_device/sections/.rheldata
/sys/module/snd_seq_device/sections/.data
/sys/module/snd_seq_device/sections/.gnu.linkonce.this_module
/sys/module/snd_seq_device/sections/.bss
/sys/module/snd_seq_device/sections/.symtab
/sys/module/snd_seq_device/sections/.strtab
/sys/module/snd_seq_device/notes/.note.gnu.build-id
/sys/module/snd_seq/sections/.note.gnu.build-id
/sys/module/snd_seq/sections/.text
/sys/module/snd_seq/sections/.exit.text
/sys/module/snd_seq/sections/.init.text
/sys/module/snd_seq/sections/.altinstr_replacement
/sys/module/snd_seq/sections/.rodata
/sys/module/snd_seq/sections/.rodata.str1.8
/sys/module/snd_seq/sections/.rodata.str1.1
/sys/module/snd_seq/sections/.smp_locks
/sys/module/snd_seq/sections/.altinstructions
/sys/module/snd_seq/sections/.parainstructions
/sys/module/snd_seq/sections/.rheldata
/sys/module/snd_seq/sections/.data
/sys/module/snd_seq/sections/.gnu.linkonce.this_module
/sys/module/snd_seq/sections/.bss
/sys/module/snd_seq/sections/.symtab
/sys/module/snd_seq/sections/.strtab
/sys/module/snd_seq/notes/.note.gnu.build-id
/sys/module/ac97_bus/sections/.note.gnu.build-id
/sys/module/ac97_bus/sections/.text
/sys/module/ac97_bus/sections/.exit.text
/sys/module/ac97_bus/sections/.init.text
/sys/module/ac97_bus/sections/.rodata.str1.1
/sys/module/ac97_bus/sections/.rheldata
/sys/module/ac97_bus/sections/.data
/sys/module/ac97_bus/sections/.gnu.linkonce.this_module
/sys/module/ac97_bus/sections/.symtab
/sys/module/ac97_bus/sections/.strtab
/sys/module/ac97_bus/notes/.note.gnu.build-id
/sys/module/snd_ac97_codec/sections/.note.gnu.build-id
/sys/module/snd_ac97_codec/sections/.text
/sys/module/snd_ac97_codec/sections/.init.text
/sys/module/snd_ac97_codec/sections/.exit.text
/sys/module/snd_ac97_codec/sections/.altinstr_replacement
/sys/module/snd_ac97_codec/sections/.rodata
/sys/module/snd_ac97_codec/sections/.rodata.str1.1
/sys/module/snd_ac97_codec/sections/.rodata.str1.8
/sys/module/snd_ac97_codec/sections/.smp_locks
/sys/module/snd_ac97_codec/sections/.altinstructions
/sys/module/snd_ac97_codec/sections/.parainstructions
/sys/module/snd_ac97_codec/sections/.rheldata
/sys/module/snd_ac97_codec/sections/.data
/sys/module/snd_ac97_codec/sections/.gnu.linkonce.this_module
/sys/module/snd_ac97_codec/sections/.bss
/sys/module/snd_ac97_codec/sections/.symtab
/sys/module/snd_ac97_codec/sections/.strtab
/sys/module/snd_ac97_codec/notes/.note.gnu.build-id
/sys/module/snd_rawmidi/sections/.note.gnu.build-id
/sys/module/snd_rawmidi/sections/.text
/sys/module/snd_rawmidi/sections/.exit.text
/sys/module/snd_rawmidi/sections/.init.text
/sys/module/snd_rawmidi/sections/.altinstr_replacement
/sys/module/snd_rawmidi/sections/.rodata
/sys/module/snd_rawmidi/sections/.rodata.str1.8
/sys/module/snd_rawmidi/sections/.altinstructions
/sys/module/snd_rawmidi/sections/.parainstructions
/sys/module/snd_rawmidi/sections/.smp_locks
/sys/module/snd_rawmidi/sections/.rodata.str1.1
/sys/module/snd_rawmidi/sections/.rheldata
/sys/module/snd_rawmidi/sections/.data
/sys/module/snd_rawmidi/sections/.gnu.linkonce.this_module
/sys/module/snd_rawmidi/sections/.bss
/sys/module/snd_rawmidi/sections/.symtab
/sys/module/snd_rawmidi/sections/.strtab
/sys/module/snd_rawmidi/notes/.note.gnu.build-id
/sys/module/snd_ens1371/sections/.note.gnu.build-id
/sys/module/snd_ens1371/sections/.text
/sys/module/snd_ens1371/sections/.exit.text
/sys/module/snd_ens1371/sections/.devexit.text
/sys/module/snd_ens1371/sections/.altinstr_replacement
/sys/module/snd_ens1371/sections/.init.text
/sys/module/snd_ens1371/sections/.devinit.text
/sys/module/snd_ens1371/sections/.rodata
/sys/module/snd_ens1371/sections/.rodata.str1.8
/sys/module/snd_ens1371/sections/.rodata.str1.1
/sys/module/snd_ens1371/sections/.altinstructions
/sys/module/snd_ens1371/sections/.parainstructions
/sys/module/snd_ens1371/sections/.rheldata
/sys/module/snd_ens1371/sections/.data
/sys/module/snd_ens1371/sections/.devinit.data
/sys/module/snd_ens1371/sections/.gnu.linkonce.this_module
/sys/module/snd_ens1371/sections/.bss
/sys/module/snd_ens1371/sections/.symtab
/sys/module/snd_ens1371/sections/.strtab
/sys/module/snd_ens1371/notes/.note.gnu.build-id
/sys/module/snd_seq_midi_event/sections/.note.gnu.build-id
/sys/module/snd_seq_midi_event/sections/.text
/sys/module/snd_seq_midi_event/sections/.init.text
/sys/module/snd_seq_midi_event/sections/.exit.text
/sys/module/snd_seq_midi_event/sections/.rodata
/sys/module/snd_seq_midi_event/sections/.rheldata
/sys/module/snd_seq_midi_event/sections/.data
/sys/module/snd_seq_midi_event/sections/.gnu.linkonce.this_module
/sys/module/snd_seq_midi_event/sections/.symtab
/sys/module/snd_seq_midi_event/sections/.strtab
/sys/module/snd_seq_midi_event/notes/.note.gnu.build-id
/sys/module/snd_seq_midi/sections/.note.gnu.build-id
/sys/module/snd_seq_midi/sections/.text
/sys/module/snd_seq_midi/sections/.exit.text
/sys/module/snd_seq_midi/sections/.init.text
/sys/module/snd_seq_midi/sections/.rodata
/sys/module/snd_seq_midi/sections/.rodata.str1.1
/sys/module/snd_seq_midi/sections/.rodata.str1.8
/sys/module/snd_seq_midi/sections/.rheldata
/sys/module/snd_seq_midi/sections/.data
/sys/module/snd_seq_midi/sections/.gnu.linkonce.this_module
/sys/module/snd_seq_midi/sections/.bss
/sys/module/snd_seq_midi/sections/.symtab
/sys/module/snd_seq_midi/sections/.strtab
/sys/module/snd_seq_midi/notes/.note.gnu.build-id
/sys/module/ipv6/sections/.note.gnu.build-id
/sys/module/ipv6/sections/.text
/sys/module/ipv6/sections/.exit.text
/sys/module/ipv6/sections/.init.text
/sys/module/ipv6/sections/.altinstr_replacement
/sys/module/ipv6/sections/.rodata
/sys/module/ipv6/sections/.rodata.str1.1
/sys/module/ipv6/sections/.rodata.str1.8
/sys/module/ipv6/sections/.smp_locks
/sys/module/ipv6/sections/.altinstructions
/sys/module/ipv6/sections/.rheldata
/sys/module/ipv6/sections/.data
/sys/module/ipv6/sections/.data.read_mostly
/sys/module/ipv6/sections/.gnu.linkonce.this_module
/sys/module/ipv6/sections/.bss
/sys/module/ipv6/sections/.symtab
/sys/module/ipv6/sections/.strtab
/sys/module/ipv6/notes/.note.gnu.build-id
/sys/module/ip6_tables/sections/.note.gnu.build-id
/sys/module/ip6_tables/sections/.text
/sys/module/ip6_tables/sections/.exit.text
/sys/module/ip6_tables/sections/.altinstr_replacement
/sys/module/ip6_tables/sections/.init.text
/sys/module/ip6_tables/sections/.rodata
/sys/module/ip6_tables/sections/.rodata.str1.1
/sys/module/ip6_tables/sections/.altinstructions
/sys/module/ip6_tables/sections/.rodata.str1.8
/sys/module/ip6_tables/sections/.rheldata
/sys/module/ip6_tables/sections/.data
/sys/module/ip6_tables/sections/.data.read_mostly
/sys/module/ip6_tables/sections/.gnu.linkonce.this_module
/sys/module/ip6_tables/sections/.bss
/sys/module/ip6_tables/sections/.symtab
/sys/module/ip6_tables/sections/.strtab
/sys/module/ip6_tables/notes/.note.gnu.build-id
/sys/module/ip6table_filter/sections/.note.gnu.build-id
/sys/module/ip6table_filter/sections/.text
/sys/module/ip6table_filter/sections/.exit.text
/sys/module/ip6table_filter/sections/.init.text
/sys/module/ip6table_filter/sections/.rodata
/sys/module/ip6table_filter/sections/.rodata.str1.8
/sys/module/ip6table_filter/sections/.rheldata
/sys/module/ip6table_filter/sections/.data
/sys/module/ip6table_filter/sections/.data.read_mostly
/sys/module/ip6table_filter/sections/.gnu.linkonce.this_module
/sys/module/ip6table_filter/sections/.symtab
/sys/module/ip6table_filter/sections/.strtab
/sys/module/ip6table_filter/notes/.note.gnu.build-id
/sys/module/nf_conntrack/sections/.note.gnu.build-id
/sys/module/nf_conntrack/sections/.text
/sys/module/nf_conntrack/sections/.altinstr_replacement
/sys/module/nf_conntrack/sections/.exit.text
/sys/module/nf_conntrack/sections/.init.text
/sys/module/nf_conntrack/sections/.rodata
/sys/module/nf_conntrack/sections/.smp_locks
/sys/module/nf_conntrack/sections/.rodata.str1.8
/sys/module/nf_conntrack/sections/.rodata.str1.1
/sys/module/nf_conntrack/sections/.altinstructions
/sys/module/nf_conntrack/sections/.rheldata
/sys/module/nf_conntrack/sections/.data
/sys/module/nf_conntrack/sections/.data.read_mostly
/sys/module/nf_conntrack/sections/.gnu.linkonce.this_module
/sys/module/nf_conntrack/sections/.bss
/sys/module/nf_conntrack/sections/.symtab
/sys/module/nf_conntrack/sections/.strtab
/sys/module/nf_conntrack/notes/.note.gnu.build-id
/sys/module/xt_state/sections/.note.gnu.build-id
/sys/module/xt_state/sections/.text
/sys/module/xt_state/sections/.exit.text
/sys/module/xt_state/sections/.init.text
/sys/module/xt_state/sections/.rodata.str1.8
/sys/module/xt_state/sections/.rheldata
/sys/module/xt_state/sections/.data.read_mostly
/sys/module/xt_state/sections/.gnu.linkonce.this_module
/sys/module/xt_state/sections/.symtab
/sys/module/xt_state/sections/.strtab
/sys/module/xt_state/notes/.note.gnu.build-id
/sys/module/nf_defrag_ipv6/sections/.note.gnu.build-id
/sys/module/nf_defrag_ipv6/sections/.text
/sys/module/nf_defrag_ipv6/sections/.exit.text
/sys/module/nf_defrag_ipv6/sections/.init.text
/sys/module/nf_defrag_ipv6/sections/.altinstr_replacement
/sys/module/nf_defrag_ipv6/sections/.rodata
/sys/module/nf_defrag_ipv6/sections/.rodata.str1.8
/sys/module/nf_defrag_ipv6/sections/.rodata.str1.1
/sys/module/nf_defrag_ipv6/sections/.smp_locks
/sys/module/nf_defrag_ipv6/sections/.altinstructions
/sys/module/nf_defrag_ipv6/sections/.rheldata
/sys/module/nf_defrag_ipv6/sections/.data
/sys/module/nf_defrag_ipv6/sections/.gnu.linkonce.this_module
/sys/module/nf_defrag_ipv6/sections/.bss
/sys/module/nf_defrag_ipv6/sections/.symtab
/sys/module/nf_defrag_ipv6/sections/.strtab
/sys/module/nf_defrag_ipv6/notes/.note.gnu.build-id
/sys/module/nf_conntrack_ipv6/sections/.note.gnu.build-id
/sys/module/nf_conntrack_ipv6/sections/.text
/sys/module/nf_conntrack_ipv6/sections/.exit.text
/sys/module/nf_conntrack_ipv6/sections/.init.text
/sys/module/nf_conntrack_ipv6/sections/.rodata
/sys/module/nf_conntrack_ipv6/sections/.rodata.str1.8
/sys/module/nf_conntrack_ipv6/sections/.rodata.str1.1
/sys/module/nf_conntrack_ipv6/sections/.smp_locks
/sys/module/nf_conntrack_ipv6/sections/.rheldata
/sys/module/nf_conntrack_ipv6/sections/.data
/sys/module/nf_conntrack_ipv6/sections/.data.read_mostly
/sys/module/nf_conntrack_ipv6/sections/.gnu.linkonce.this_module
/sys/module/nf_conntrack_ipv6/sections/.bss
/sys/module/nf_conntrack_ipv6/sections/.symtab
/sys/module/nf_conntrack_ipv6/sections/.strtab
/sys/module/nf_conntrack_ipv6/notes/.note.gnu.build-id
/sys/module/ip6t_REJECT/sections/.note.gnu.build-id
/sys/module/ip6t_REJECT/sections/.text
/sys/module/ip6t_REJECT/sections/.exit.text
/sys/module/ip6t_REJECT/sections/.init.text
/sys/module/ip6t_REJECT/sections/.rodata
/sys/module/ip6t_REJECT/sections/.rodata.str1.8
/sys/module/ip6t_REJECT/sections/.rodata.str1.1
/sys/module/ip6t_REJECT/sections/.rheldata
/sys/module/ip6t_REJECT/sections/.data.read_mostly
/sys/module/ip6t_REJECT/sections/.gnu.linkonce.this_module
/sys/module/ip6t_REJECT/sections/.symtab
/sys/module/ip6t_REJECT/sections/.strtab
/sys/module/ip6t_REJECT/notes/.note.gnu.build-id
/sys/module/ip_tables/sections/.note.gnu.build-id
/sys/module/ip_tables/sections/.text
/sys/module/ip_tables/sections/.exit.text
/sys/module/ip_tables/sections/.altinstr_replacement
/sys/module/ip_tables/sections/.init.text
/sys/module/ip_tables/sections/.rodata
/sys/module/ip_tables/sections/.rodata.str1.1
/sys/module/ip_tables/sections/.altinstructions
/sys/module/ip_tables/sections/.rodata.str1.8
/sys/module/ip_tables/sections/.rheldata
/sys/module/ip_tables/sections/.data
/sys/module/ip_tables/sections/.data.read_mostly
/sys/module/ip_tables/sections/.gnu.linkonce.this_module
/sys/module/ip_tables/sections/.bss
/sys/module/ip_tables/sections/.symtab
/sys/module/ip_tables/sections/.strtab
/sys/module/ip_tables/notes/.note.gnu.build-id
/sys/module/iptable_filter/sections/.note.gnu.build-id
/sys/module/iptable_filter/sections/.text
/sys/module/iptable_filter/sections/.exit.text
/sys/module/iptable_filter/sections/.init.text
/sys/module/iptable_filter/sections/.rodata
/sys/module/iptable_filter/sections/.rodata.str1.8
/sys/module/iptable_filter/sections/.rheldata
/sys/module/iptable_filter/sections/.data
/sys/module/iptable_filter/sections/.data.read_mostly
/sys/module/iptable_filter/sections/.gnu.linkonce.this_module
/sys/module/iptable_filter/sections/.symtab
/sys/module/iptable_filter/sections/.strtab
/sys/module/iptable_filter/notes/.note.gnu.build-id
/sys/module/nf_defrag_ipv4/sections/.note.gnu.build-id
/sys/module/nf_defrag_ipv4/sections/.text
/sys/module/nf_defrag_ipv4/sections/.exit.text
/sys/module/nf_defrag_ipv4/sections/.init.text
/sys/module/nf_defrag_ipv4/sections/.rheldata
/sys/module/nf_defrag_ipv4/sections/.data
/sys/module/nf_defrag_ipv4/sections/.gnu.linkonce.this_module
/sys/module/nf_defrag_ipv4/sections/.symtab
/sys/module/nf_defrag_ipv4/sections/.strtab
/sys/module/nf_defrag_ipv4/notes/.note.gnu.build-id
/sys/module/nf_conntrack_ipv4/sections/.note.gnu.build-id
/sys/module/nf_conntrack_ipv4/sections/.text
/sys/module/nf_conntrack_ipv4/sections/.exit.text
/sys/module/nf_conntrack_ipv4/sections/.init.text
/sys/module/nf_conntrack_ipv4/sections/.rodata
/sys/module/nf_conntrack_ipv4/sections/.rodata.str1.1
/sys/module/nf_conntrack_ipv4/sections/.rodata.str1.8
/sys/module/nf_conntrack_ipv4/sections/.smp_locks
/sys/module/nf_conntrack_ipv4/sections/.rheldata
/sys/module/nf_conntrack_ipv4/sections/.data
/sys/module/nf_conntrack_ipv4/sections/.data.read_mostly
/sys/module/nf_conntrack_ipv4/sections/.gnu.linkonce.this_module
/sys/module/nf_conntrack_ipv4/sections/.bss
/sys/module/nf_conntrack_ipv4/sections/.symtab
/sys/module/nf_conntrack_ipv4/sections/.strtab
/sys/module/nf_conntrack_ipv4/notes/.note.gnu.build-id
/sys/module/ipt_REJECT/sections/.note.gnu.build-id
/sys/module/ipt_REJECT/sections/.text
/sys/module/ipt_REJECT/sections/.exit.text
/sys/module/ipt_REJECT/sections/.init.text
/sys/module/ipt_REJECT/sections/.rodata
/sys/module/ipt_REJECT/sections/.rodata.str1.8
/sys/module/ipt_REJECT/sections/.smp_locks
/sys/module/ipt_REJECT/sections/.rodata.str1.1
/sys/module/ipt_REJECT/sections/.rheldata
/sys/module/ipt_REJECT/sections/.data.read_mostly
/sys/module/ipt_REJECT/sections/.gnu.linkonce.this_module
/sys/module/ipt_REJECT/sections/.symtab
/sys/module/ipt_REJECT/sections/.strtab
/sys/module/ipt_REJECT/notes/.note.gnu.build-id
/sys/module/inet_diag/sections/.note.gnu.build-id
/sys/module/inet_diag/sections/.text
/sys/module/inet_diag/sections/.exit.text
/sys/module/inet_diag/sections/.init.text
/sys/module/inet_diag/sections/.rodata
/sys/module/inet_diag/sections/.rodata.str1.1
/sys/module/inet_diag/sections/.smp_locks
/sys/module/inet_diag/sections/.rheldata
/sys/module/inet_diag/sections/.data
/sys/module/inet_diag/sections/.gnu.linkonce.this_module
/sys/module/inet_diag/sections/.bss
/sys/module/inet_diag/sections/.symtab
/sys/module/inet_diag/sections/.strtab
/sys/module/inet_diag/notes/.note.gnu.build-id
/sys/module/tcp_diag/sections/.note.gnu.build-id
/sys/module/tcp_diag/sections/.text
/sys/module/tcp_diag/sections/.exit.text
/sys/module/tcp_diag/sections/.init.text
/sys/module/tcp_diag/sections/.rodata
/sys/module/tcp_diag/sections/.rheldata
/sys/module/tcp_diag/sections/.gnu.linkonce.this_module
/sys/module/tcp_diag/sections/.symtab
/sys/module/tcp_diag/sections/.strtab
/sys/module/tcp_diag/notes/.note.gnu.build-id
