************************************************************************************
 [U-10] 불필요한 계정 제거
 [양호] 불필요한 계정이 존재하지 않는 경우
 [취약] 불필요한 계정이 존재하는 경우
************************************************************************************
[/etc/passwd 파일의 내용]
==================================================================
 
(ㄱ) 시스템 사용자인데 로그인 할 수 있는 쉘을 할당 받은 경우 점검
또한, 시스템 사용자의 정보를 자세하게 확인해야 한다.(악의적인 설정 점검)
 
(ㄴ) 일반사용자 중 최근(최근 1년간)에 로그인한 적이 없는 사용자 점검
이런경우는 lastlog 명령어의 출력 결과를 확인한다.
 
==================================================================
root:x:0:0:root:/root:/bin/bash
lejus:x:500:500::/home/lejus:/bin/bash

[lastlog 명령어의 출력내용]
==================================================================
 
(ㄱ) 최근 1년간 로그인한적이 없는 사용자를 점검한다.
(ㄴ) 이 부분은 고객과 반드시 상의해야 한다.
 
==================================================================
사용자이름       포트     어디서           최근정보
root             pts/0    192.168.48.1     수  1월  3 02:48:30 +0900 2024
bin                                        **한번도 로그인한 적이 없습니다**
daemon                                     **한번도 로그인한 적이 없습니다**
adm                                        **한번도 로그인한 적이 없습니다**
lp                                         **한번도 로그인한 적이 없습니다**
sync                                       **한번도 로그인한 적이 없습니다**
shutdown                                   **한번도 로그인한 적이 없습니다**
halt                                       **한번도 로그인한 적이 없습니다**
mail                                       **한번도 로그인한 적이 없습니다**
uucp                                       **한번도 로그인한 적이 없습니다**
operator                                   **한번도 로그인한 적이 없습니다**
games                                      **한번도 로그인한 적이 없습니다**
gopher                                     **한번도 로그인한 적이 없습니다**
ftp                                        **한번도 로그인한 적이 없습니다**
nobody                                     **한번도 로그인한 적이 없습니다**
vcsa                                       **한번도 로그인한 적이 없습니다**
saslauth                                   **한번도 로그인한 적이 없습니다**
postfix                                    **한번도 로그인한 적이 없습니다**
sshd                                       **한번도 로그인한 적이 없습니다**
tcpdump                                    **한번도 로그인한 적이 없습니다**
lejus            pts/1    192.168.48.158   수  1월  3 03:20:42 +0900 2024
rpc                                        **한번도 로그인한 적이 없습니다**
mailnull                                   **한번도 로그인한 적이 없습니다**
smmsp                                      **한번도 로그인한 적이 없습니다**

[su 명령어의 실패시도 내용]
==================================================================
 
(ㄱ) 빈번하게 su 명령어를 실행하는 사용자들 점검(하루에 20번 이상)
(ㄴ) 일반사용자에서 root 사용자로 전환하는 경우를 중점적으로 점검한다.
 
==================================================================
