************************************************************************************
 [U-15] world writable 파일 점검
 [양호] 시스템 중요 파일에 world writable 파일이 존재하지 않거나, 존재 시 설정 이유를 확인하고 있는 경우
 [취약] 시스템 중요 파일에 world writable 파일이 존재하나 해당 설정 이유를 확인하고 있지 않는 경우
************************************************************************************
[WARN] world writable 파일이 존재합니다.
mrtg:/home/mrtg
lejus:/home/lejus
mrtg-2.17.4:/home/mrtg-2.17.4
test:/home/test
--w--w--w- 1 root root 0 12월 19 09:05 /sys/fs/cgroup/perf_event/cgroup.event_control
--w--w--w- 1 root root 0 12월 19 09:05 /sys/fs/cgroup/devices/user.slice/cgroup.event_control
--w--w--w- 1 root root 0 12월 19 09:05 /sys/fs/cgroup/devices/system.slice/tuned.service/cgroup.event_control
--w--w--w- 1 root root 0 12월 19 09:05 /sys/fs/cgroup/devices/system.slice/mariadb.service/cgroup.event_control
--w--w--w- 1 root root 0 12월 19 09:05 /sys/fs/cgroup/devices/system.slice/systemd-udevd.service/cgroup.event_control
--w--w--w- 1 root root 0 12월 19 09:05 /sys/fs/cgroup/devices/system.slice/lvm2-lvmetad.service/cgroup.event_control
--w--w--w- 1 root root 0 12월 19 09:05 /sys/fs/cgroup/devices/system.slice/vgauthd.service/cgroup.event_control
--w--w--w- 1 root root 0 12월 19 09:05 /sys/fs/cgroup/devices/system.slice/systemd-logind.service/cgroup.event_control
--w--w--w- 1 root root 0 12월 19 09:05 /sys/fs/cgroup/devices/system.slice/crond.service/cgroup.event_control
--w--w--w- 1 root root 0 12월 19 09:05 /sys/fs/cgroup/devices/system.slice/vmtoolsd.service/cgroup.event_control
--w--w--w- 1 root root 0 12월 19 09:05 /sys/fs/cgroup/devices/system.slice/chronyd.service/cgroup.event_control
--w--w--w- 1 root root 0 12월 19 09:05 /sys/fs/cgroup/devices/system.slice/NetworkManager.service/cgroup.event_control
--w--w--w- 1 root root 0 12월 19 09:05 /sys/fs/cgroup/devices/system.slice/auditd.service/cgroup.event_control
--w--w--w- 1 root root 0 12월 19 09:05 /sys/fs/cgroup/devices/system.slice/polkit.service/cgroup.event_control
--w--w--w- 1 root root 0 12월 19 09:05 /sys/fs/cgroup/devices/system.slice/systemd-journald.service/cgroup.event_control
--w--w--w- 1 root root 0 12월 19 09:05 /sys/fs/cgroup/devices/system.slice/dbus.service/cgroup.event_control
--w--w--w- 1 root root 0 12월 19 09:05 /sys/fs/cgroup/devices/system.slice/cgroup.event_control
--w--w--w- 1 root root 0 12월 19 09:05 /sys/fs/cgroup/devices/cgroup.event_control
--w--w--w- 1 root root 0 12월 19 09:05 /sys/fs/cgroup/freezer/cgroup.event_control
--w--w--w- 1 root root 0 12월 19 09:05 /sys/fs/cgroup/cpu,cpuacct/cgroup.event_control
--w--w--w- 1 root root 0 12월 19 09:05 /sys/fs/cgroup/blkio/cgroup.event_control
--w--w--w- 1 root root 0 12월 19 09:05 /sys/fs/cgroup/pids/cgroup.event_control
--w--w--w- 1 root root 0 12월 19 09:05 /sys/fs/cgroup/cpuset/cgroup.event_control
--w--w--w- 1 root root 0 12월 19 09:05 /sys/fs/cgroup/hugetlb/cgroup.event_control
--w--w--w- 1 root root 0 12월 19 09:05 /sys/fs/cgroup/memory/cgroup.event_control
--w--w--w- 1 root root 0 12월 19 09:05 /sys/fs/cgroup/net_cls,net_prio/cgroup.event_control
--w--w--w- 1 root root 0 1월 4 20:50 /sys/fs/cgroup/systemd/user.slice/user-0.slice/session-23980.scope/cgroup.event_control
--w--w--w- 1 root root 0 1월 4 20:50 /sys/fs/cgroup/systemd/user.slice/user-0.slice/session-23984.scope/cgroup.event_control
--w--w--w- 1 root root 0 1월 4 20:50 /sys/fs/cgroup/systemd/user.slice/user-0.slice/session-23983.scope/cgroup.event_control
--w--w--w- 1 root root 0 1월 4 20:50 /sys/fs/cgroup/systemd/user.slice/user-0.slice/session-23982.scope/cgroup.event_control
--w--w--w- 1 root root 0 1월 4 20:50 /sys/fs/cgroup/systemd/user.slice/user-0.slice/session-23981.scope/cgroup.event_control
--w--w--w- 1 root root 0 1월 2 11:31 /sys/fs/cgroup/systemd/user.slice/user-0.slice/session-20476.scope/cgroup.event_control
--w--w--w- 1 root root 0 12월 27 17:38 /sys/fs/cgroup/systemd/user.slice/user-0.slice/session-12060.scope/cgroup.event_control
--w--w--w- 1 root root 0 12월 19 09:05 /sys/fs/cgroup/systemd/user.slice/user-0.slice/session-1.scope/cgroup.event_control
--w--w--w- 1 root root 0 12월 19 09:05 /sys/fs/cgroup/systemd/user.slice/user-0.slice/cgroup.event_control
--w--w--w- 1 root root 0 12월 19 09:05 /sys/fs/cgroup/systemd/user.slice/cgroup.event_control
--w--w--w- 1 root root 0 1월 4 10:59 /sys/fs/cgroup/systemd/system.slice/named.service/cgroup.event_control
--w--w--w- 1 root root 0 1월 3 18:26 /sys/fs/cgroup/systemd/system.slice/sm-client.service/cgroup.event_control
--w--w--w- 1 root root 0 1월 3 18:25 /sys/fs/cgroup/systemd/system.slice/sendmail.service/cgroup.event_control
--w--w--w- 1 root root 0 1월 3 17:23 /sys/fs/cgroup/systemd/system.slice/rpc-statd.service/cgroup.event_control
--w--w--w- 1 root root 0 1월 3 14:28 /sys/fs/cgroup/systemd/system.slice/system-rlogin.slice/cgroup.event_control
--w--w--w- 1 root root 0 12월 27 15:47 /sys/fs/cgroup/systemd/system.slice/sshd.service/cgroup.event_control
--w--w--w- 1 root root 0 12월 26 12:58 /sys/fs/cgroup/systemd/system.slice/gssproxy.service/cgroup.event_control
--w--w--w- 1 root root 0 12월 26 12:58 /sys/fs/cgroup/systemd/system.slice/var-lib-nfs-rpc_pipefs.mount/cgroup.event_control
--w--w--w- 1 root root 0 12월 26 11:45 /sys/fs/cgroup/systemd/system.slice/rsyslog.service/cgroup.event_control
--w--w--w- 1 root root 0 12월 22 11:43 /sys/fs/cgroup/systemd/system.slice/rpcbind.service/cgroup.event_control
--w--w--w- 1 root root 0 12월 19 09:20 /sys/fs/cgroup/systemd/system.slice/run-user-0.mount/cgroup.event_control
--w--w--w- 1 root root 0 12월 19 09:05 /sys/fs/cgroup/systemd/system.slice/network.service/cgroup.event_control
--w--w--w- 1 root root 0 12월 19 09:05 /sys/fs/cgroup/systemd/system.slice/tuned.service/cgroup.event_control
--w--w--w- 1 root root 0 12월 19 09:05 /sys/fs/cgroup/systemd/system.slice/mariadb.service/cgroup.event_control
--w--w--w- 1 root root 0 12월 19 09:05 /sys/fs/cgroup/systemd/system.slice/NetworkManager-wait-online.service/cgroup.event_control
--w--w--w- 1 root root 0 12월 19 09:05 /sys/fs/cgroup/systemd/system.slice/NetworkManager.service/cgroup.event_control
--w--w--w- 1 root root 0 12월 19 09:05 /sys/fs/cgroup/systemd/system.slice/systemd-user-sessions.service/cgroup.event_control
--w--w--w- 1 root root 0 12월 19 09:05 /sys/fs/cgroup/systemd/system.slice/rhel-dmesg.service/cgroup.event_control
--w--w--w- 1 root root 0 12월 19 09:05 /sys/fs/cgroup/systemd/system.slice/crond.service/cgroup.event_control
--w--w--w- 1 root root 0 12월 19 09:05 /sys/fs/cgroup/systemd/system.slice/systemd-update-utmp.service/cgroup.event_control
--w--w--w- 1 root root 0 12월 19 09:05 /sys/fs/cgroup/systemd/system.slice/systemd-logind.service/cgroup.event_control
--w--w--w- 1 root root 0 12월 19 09:05 /sys/fs/cgroup/systemd/system.slice/dbus.service/cgroup.event_control
--w--w--w- 1 root root 0 12월 19 09:05 /sys/fs/cgroup/systemd/system.slice/vmtoolsd.service/cgroup.event_control
--w--w--w- 1 root root 0 12월 19 09:05 /sys/fs/cgroup/systemd/system.slice/vgauthd.service/cgroup.event_control
--w--w--w- 1 root root 0 12월 19 09:05 /sys/fs/cgroup/systemd/system.slice/polkit.service/cgroup.event_control
--w--w--w- 1 root root 0 12월 19 09:05 /sys/fs/cgroup/systemd/system.slice/chronyd.service/cgroup.event_control
--w--w--w- 1 root root 0 12월 19 09:05 /sys/fs/cgroup/systemd/system.slice/systemd-tmpfiles-setup.service/cgroup.event_control
--w--w--w- 1 root root 0 12월 19 09:05 /sys/fs/cgroup/systemd/system.slice/auditd.service/cgroup.event_control
--w--w--w- 1 root root 0 12월 19 09:05 /sys/fs/cgroup/systemd/system.slice/rhel-import-state.service/cgroup.event_control
--w--w--w- 1 root root 0 12월 19 09:05 /sys/fs/cgroup/systemd/system.slice/dev-disk-by\x2did-dm\x2dname\x2dcentos\x2dswap.swap/cgroup.event_control
--w--w--w- 1 root root 0 12월 19 09:05 /sys/fs/cgroup/systemd/system.slice/dev-disk-by\x2duuid-7f4e047c\x2de5fe\x2d4339\x2d9e7c\x2d78ffe5a1075f.swap/cgroup.event_control
--w--w--w- 1 root root 0 12월 19 09:05 /sys/fs/cgroup/systemd/system.slice/dev-disk-by\x2did-dm\x2duuid\x2dLVM\x2drgLVvlmWlACaCeH6XmbaBvXLAuuTVY9CCvPsps5BkWkNBS21lUAFDh7dpEkrMcEE.swap/cgroup.event_control
--w--w--w- 1 root root 0 12월 19 09:05 /sys/fs/cgroup/systemd/system.slice/dev-dm\x2d1.swap/cgroup.event_control
--w--w--w- 1 root root 0 12월 19 09:05 /sys/fs/cgroup/systemd/system.slice/dev-centos-swap.swap/cgroup.event_control
--w--w--w- 1 root root 0 12월 19 09:05 /sys/fs/cgroup/systemd/system.slice/home.mount/cgroup.event_control
--w--w--w- 1 root root 0 12월 19 09:05 /sys/fs/cgroup/systemd/system.slice/lvm2-monitor.service/cgroup.event_control
--w--w--w- 1 root root 0 12월 19 09:05 /sys/fs/cgroup/systemd/system.slice/boot.mount/cgroup.event_control
--w--w--w- 1 root root 0 12월 19 09:05 /sys/fs/cgroup/systemd/system.slice/dev-mapper-centos\x2dswap.swap/cgroup.event_control
--w--w--w- 1 root root 0 12월 19 09:05 /sys/fs/cgroup/systemd/system.slice/system-lvm2\x2dpvscan.slice/cgroup.event_control
--w--w--w- 1 root root 0 12월 19 09:05 /sys/fs/cgroup/systemd/system.slice/systemd-tmpfiles-setup-dev.service/cgroup.event_control
--w--w--w- 1 root root 0 12월 19 09:05 /sys/fs/cgroup/systemd/system.slice/systemd-random-seed.service/cgroup.event_control
--w--w--w- 1 root root 0 12월 19 09:05 /sys/fs/cgroup/systemd/system.slice/systemd-udevd.service/cgroup.event_control
--w--w--w- 1 root root 0 12월 19 09:05 /sys/fs/cgroup/systemd/system.slice/rhel-readonly.service/cgroup.event_control
--w--w--w- 1 root root 0 12월 19 09:05 /sys/fs/cgroup/systemd/system.slice/systemd-udev-trigger.service/cgroup.event_control
--w--w--w- 1 root root 0 12월 19 09:05 /sys/fs/cgroup/systemd/system.slice/systemd-journal-flush.service/cgroup.event_control
--w--w--w- 1 root root 0 12월 19 09:05 /sys/fs/cgroup/systemd/system.slice/lvm2-lvmetad.service/cgroup.event_control
--w--w--w- 1 root root 0 12월 19 09:05 /sys/fs/cgroup/systemd/system.slice/rhel-domainname.service/cgroup.event_control
--w--w--w- 1 root root 0 12월 19 09:05 /sys/fs/cgroup/systemd/system.slice/systemd-sysctl.service/cgroup.event_control
--w--w--w- 1 root root 0 12월 19 09:05 /sys/fs/cgroup/systemd/system.slice/systemd-remount-fs.service/cgroup.event_control
--w--w--w- 1 root root 0 12월 19 09:05 /sys/fs/cgroup/systemd/system.slice/kmod-static-nodes.service/cgroup.event_control
--w--w--w- 1 root root 0 12월 19 09:05 /sys/fs/cgroup/systemd/system.slice/systemd-modules-load.service/cgroup.event_control
--w--w--w- 1 root root 0 12월 19 09:05 /sys/fs/cgroup/systemd/system.slice/sys-fs-fuse-connections.mount/cgroup.event_control
--w--w--w- 1 root root 0 12월 19 09:05 /sys/fs/cgroup/systemd/system.slice/dev-hugepages.mount/cgroup.event_control
--w--w--w- 1 root root 0 12월 19 09:05 /sys/fs/cgroup/systemd/system.slice/system-selinux\x2dpolicy\x2dmigrate\x2dlocal\x2dchanges.slice/cgroup.event_control
--w--w--w- 1 root root 0 12월 19 09:05 /sys/fs/cgroup/systemd/system.slice/system-getty.slice/getty@tty1.service/cgroup.event_control
--w--w--w- 1 root root 0 12월 19 09:05 /sys/fs/cgroup/systemd/system.slice/system-getty.slice/cgroup.event_control
--w--w--w- 1 root root 0 12월 19 09:05 /sys/fs/cgroup/systemd/system.slice/sys-kernel-debug.mount/cgroup.event_control
--w--w--w- 1 root root 0 12월 19 09:05 /sys/fs/cgroup/systemd/system.slice/dev-mqueue.mount/cgroup.event_control
--w--w--w- 1 root root 0 12월 19 09:05 /sys/fs/cgroup/systemd/system.slice/systemd-journald.service/cgroup.event_control
--w--w--w- 1 root root 0 12월 19 09:05 /sys/fs/cgroup/systemd/system.slice/sys-kernel-config.mount/cgroup.event_control
--w--w--w- 1 root root 0 12월 19 09:05 /sys/fs/cgroup/systemd/system.slice/systemd-vconsole-setup.service/cgroup.event_control
--w--w--w- 1 root root 0 12월 19 09:05 /sys/fs/cgroup/systemd/system.slice/-.mount/cgroup.event_control
--w--w--w- 1 root root 0 12월 19 09:05 /sys/fs/cgroup/systemd/system.slice/cgroup.event_control
--w--w--w- 1 root root 0 12월 19 09:05 /sys/fs/cgroup/systemd/cgroup.event_control
