************************************************************************************
 [U-59] 숨겨진 파일 및 디렉토리 검색 및 제거
 [양호] 불필요하거나 의심스러운 숨겨진 파일 및 디렉터리를 삭제한 경우
 [취약] 불필요하거나 의심스러운 숨겨진 파일 및 디렉터리를 방치한 경우
************************************************************************************
/sys/module/netlink_diag/notes/.note.gnu.build-id
/sys/module/netlink_diag/sections/.init.text
/sys/module/netlink_diag/sections/.smp_locks
/sys/module/netlink_diag/sections/.text
/sys/module/netlink_diag/sections/.rodata
/sys/module/netlink_diag/sections/.strtab
/sys/module/netlink_diag/sections/.symtab
/sys/module/netlink_diag/sections/.gnu.linkonce.this_module
/sys/module/netlink_diag/sections/.note.gnu.build-id
/sys/module/netlink_diag/sections/.return_sites
/sys/module/netlink_diag/sections/.exit.text
/sys/module/af_packet_diag/notes/.note.gnu.build-id
/sys/module/af_packet_diag/sections/.init.text
/sys/module/af_packet_diag/sections/.text
/sys/module/af_packet_diag/sections/.rodata
/sys/module/af_packet_diag/sections/.strtab
/sys/module/af_packet_diag/sections/.symtab
/sys/module/af_packet_diag/sections/.gnu.linkonce.this_module
/sys/module/af_packet_diag/sections/.note.gnu.build-id
/sys/module/af_packet_diag/sections/.return_sites
/sys/module/af_packet_diag/sections/.exit.text
/sys/module/unix_diag/notes/.note.gnu.build-id
/sys/module/unix_diag/sections/.init.text
/sys/module/unix_diag/sections/.smp_locks
/sys/module/unix_diag/sections/.text
/sys/module/unix_diag/sections/.rodata
/sys/module/unix_diag/sections/.strtab
/sys/module/unix_diag/sections/.symtab
/sys/module/unix_diag/sections/.gnu.linkonce.this_module
/sys/module/unix_diag/sections/.note.gnu.build-id
/sys/module/unix_diag/sections/.return_sites
/sys/module/unix_diag/sections/.exit.text
/sys/module/unix_diag/sections/.parainstructions
/sys/module/udp_diag/notes/.note.gnu.build-id
/sys/module/udp_diag/sections/.init.text
/sys/module/udp_diag/sections/.smp_locks
/sys/module/udp_diag/sections/.text
/sys/module/udp_diag/sections/.rodata
/sys/module/udp_diag/sections/.strtab
/sys/module/udp_diag/sections/.symtab
/sys/module/udp_diag/sections/.gnu.linkonce.this_module
/sys/module/udp_diag/sections/.rodata.str1.1
/sys/module/udp_diag/sections/.note.gnu.build-id
/sys/module/udp_diag/sections/.return_sites
/sys/module/udp_diag/sections/.exit.text
/sys/module/vsock_diag/notes/.note.gnu.build-id
/sys/module/vsock_diag/sections/.init.text
/sys/module/vsock_diag/sections/.text
/sys/module/vsock_diag/sections/.rodata
/sys/module/vsock_diag/sections/.strtab
/sys/module/vsock_diag/sections/.symtab
/sys/module/vsock_diag/sections/.gnu.linkonce.this_module
/sys/module/vsock_diag/sections/.note.gnu.build-id
/sys/module/vsock_diag/sections/.return_sites
/sys/module/vsock_diag/sections/.exit.text
[INFO]  (숨김파일 목록) 파일 참고하시기 바랍니다. 
