************************************************************************************
 [U-27] RPC ì„œë¹„ìŠ¤ í™•ì¸
 [ì–‘í˜¸] ë¶ˆí•„ìš”í•œ RPC ì„œë¹„ìŠ¤ê°€ ë¹„í™œì„±í™” ë˜ì–´ ìˆëŠ” ê²½ìš°
 [ì·¨ì•½] ë¶ˆí•„ìš”í•œ RPC ì„œë¹„ìŠ¤ê°€ í™œì„±í™” ë˜ì–´ ìˆëŠ” ê²½ìš°
************************************************************************************
[32m[ ì–‘í˜¸ ] : /etc/xinetd.d/rpc.cmsd íŒŒì¼ì´ ì¡´ì¬í•˜ì§€ ì•ŠìŠµë‹ˆë‹¤.[0m
[32m[ ì–‘í˜¸ ] : /etc/xinetd.d/cmsd íŒŒì¼ì´ ì¡´ì¬í•˜ì§€ ì•ŠìŠµë‹ˆë‹¤.[0m
[32m[ ì–‘í˜¸ ] : /etc/xinetd.d/rpc.ttdbserverd íŒŒì¼ì´ ì¡´ì¬í•˜ì§€ ì•ŠìŠµë‹ˆë‹¤.[0m
[32m[ ì–‘í˜¸ ] : /etc/xinetd.d/ttdbserverd íŒŒì¼ì´ ì¡´ì¬í•˜ì§€ ì•ŠìŠµë‹ˆë‹¤.[0m
[32m[ ì–‘í˜¸ ] : /etc/xinetd.d/sadmind íŒŒì¼ì´ ì¡´ì¬í•˜ì§€ ì•ŠìŠµë‹ˆë‹¤.[0m
[32m[ ì–‘í˜¸ ] : /etc/xinetd.d/rusersd íŒŒì¼ì´ ì¡´ì¬í•˜ì§€ ì•ŠìŠµë‹ˆë‹¤.[0m
[32m[ ì–‘í˜¸ ] : /etc/xinetd.d/walld íŒŒì¼ì´ ì¡´ì¬í•˜ì§€ ì•ŠìŠµë‹ˆë‹¤.[0m
[32m[ ì–‘í˜¸ ] : /etc/xinetd.d/sparayd íŒŒì¼ì´ ì¡´ì¬í•˜ì§€ ì•ŠìŠµë‹ˆë‹¤.[0m
[32m[ ì–‘í˜¸ ] : /etc/xinetd.d/rstatd íŒŒì¼ì´ ì¡´ì¬í•˜ì§€ ì•ŠìŠµë‹ˆë‹¤.[0m
[32m[ ì–‘í˜¸ ] : /etc/xinetd.d/rpc.nisd íŒŒì¼ì´ ì¡´ì¬í•˜ì§€ ì•ŠìŠµë‹ˆë‹¤.[0m
[32m[ ì–‘í˜¸ ] : /etc/xinetd.d/rexd íŒŒì¼ì´ ì¡´ì¬í•˜ì§€ ì•ŠìŠµë‹ˆë‹¤.[0m
[32m[ ì–‘í˜¸ ] : /etc/xinetd.d/rpc.pcnfsd íŒŒì¼ì´ ì¡´ì¬í•˜ì§€ ì•ŠìŠµë‹ˆë‹¤.[0m
[32m[ ì–‘í˜¸ ] : /etc/xinetd.d/pcnsfd íŒŒì¼ì´ ì¡´ì¬í•˜ì§€ ì•ŠìŠµë‹ˆë‹¤.[0m
[32m[ ì–‘í˜¸ ] : /etc/xinetd.d/rpc.statd íŒŒì¼ì´ ì¡´ì¬í•˜ì§€ ì•ŠìŠµë‹ˆë‹¤.[0m
[32m[ ì–‘í˜¸ ] : /etc/xinetd.d/rpc.ypupdated íŒŒì¼ì´ ì¡´ì¬í•˜ì§€ ì•ŠìŠµë‹ˆë‹¤.[0m
[32m[ ì–‘í˜¸ ] : /etc/xinetd.d/rqotad íŒŒì¼ì´ ì¡´ì¬í•˜ì§€ ì•ŠìŠµë‹ˆë‹¤.[0m
[32m[ ì–‘í˜¸ ] : /etc/xinetd.d/kcms_server íŒŒì¼ì´ ì¡´ì¬í•˜ì§€ ì•ŠìŠµë‹ˆë‹¤.[0m
[32m[ ì–‘í˜¸ ] : /etc/xinetd.d/cachefsd íŒŒì¼ì´ ì¡´ì¬í•˜ì§€ ì•ŠìŠµë‹ˆë‹¤.[0m
[32m[ ì–‘í˜¸ ] : ë¶ˆí•„ìš” RPC ì„œë¹„ìŠ¤ê°€ ëª¨ë‘ ë¹„í™œì„±í™” ë˜ì–´ìˆìŠµë‹ˆë‹¤.[0m
