**************************************************************************
*                              계정 관리                                 *
**************************************************************************
[32m* 01. 상[U-01] root 계정 원격 접속 제한                                  *[0m
[32m* 02. 상[U-02] 패스워드 복잡성 설정                                      *[0m
[32m* 03. 상[U-03] 계정 잠금 임계값 설정                                     *[0m
[32m* 04. 상[U-04] 패스워드 파일 보호                                        *[0m
[32m* 05. 중[U-44] root 이외의 UID가 ‘0’금지                                 *[0m
[31m* 06. 하[U-45] root 계정 su 제한                                         *[0m
[32m* 07. 중[U-46] 패스워드 최소 길이 설정                                   *[0m
[32m* 08. 중[U-47] 패스워드 최대 사용기간 설정                               *[0m
[32m* 09. 중[U-48] 패스워드 최소 사용기간 설정                               *[0m
[31m* 10. 하[U-49] 불필요한 계정 제거                                        *[0m
[31m* 11. 하[U-50] 관리자 그룹에 최소한의 계정 포함                          *[0m
[31m* 12. 하[U-51] 계정이 존재하지 않는 GID 금지                             *[0m
[32m* 13. 중[U-52] 동일한 UID 금지                                           *[0m
[32m* 14. 하[U-53] 사용자 shell 점검                                         *[0m
[32m* 15. 하[U-54] Session Timeout 설정                                      *[0m
**************************************************************************
*                        파일 및 디렉터리 관리                           *
**************************************************************************
[32m* 16. 상[U-05] root 홈, 패스 디렉터리 권한 및 패스 설정                  *[0m
[32m* 17. 상[U-06] 파일 및 디렉터리 소유자 설정                              *[0m
[32m* 18. 상[U-07] /etc/passwd 파일 소유자 및 권한 설정                      *[0m
[32m* 19. 상[U-08] /etc/shadow 파일 소유자 및 권한 설정                      *[0m
[32m* 20. 상[U-09] /etc/hosts 파일 소유자 및 권한 설정                       *[0m
[32m* 21. 상[U-10] /etc/(x)inetd.conf 파일 소유자 및 권한 설정               *[0m
[32m* 22. 상[U-11] /etc/(r)syslog.conf 파일 소유자 및 권한 설정              *[0m
[32m* 23. 상[U-12] /etc/services 파일 소유자 및 권한 설정                    *[0m
[31m* 24. 상[U-13] SUID, SGID, Sticky bit 설정 파일 점검                     *[0m
[31m* 25. 상[U-14] 사용자, 시스템 시작파일 및 환경파일 소유자 및 권한 설정   *[0m
